
pipewire
pipewire-alsa
pipewire-audio
pipewire-jack
pipewire-pulse
gst-plugin-pipewire
wireplumber
pavucontrol
pamixer
networkmanager
network-manager-applet
bluez
bluez-utils
blueman
brightnessctl
udiskie

qt5-quickcontrols
qt5-quickcontrols2
qt5-graphicaleffects

hyprland
hypridle
hyprlock
dunst
rofi-wayland
waybar

polkit-gnome
xdg-desktop-portal-hyprland
pacman-contrib
parallel
jq
qt5-imageformats
libnotify

ttf-nerd-fonts-symbols
nwg-look
qt5ct
qt6ct
kvantum
kvantum-qt5
qt5-wayland
qt6-wayland
amd-ucode

obsidian
firefox
kitty
dolphin
ark
vim

telegram-desktop
fish
fastfetch
qbittorrent
obs-studio
steam 
ttf-liberation

mesa
lib32-mesa 
vulkan-radeon 
lib32-vulkan-radeon 
libva-mesa-driver 
lib32-libva-mesa-driver 
vulkan-mesa-layers 
opencl-rusticl-mesa 
lib32-opencl-rusticl-mesa
